<?xml version="1.0" encoding="utf-8"?><testsuites name="pytest tests"><testsuite name="pytest" errors="0" failures="0" skipped="0" tests="12" time="1.590" timestamp="2026-04-15T02:40:49.287332+00:00" hostname="agent-env-124aa8ad-c84d-43ef-b644-9acd4e5c3d6a"><testcase classname="backend.tests.test_finance_dashboard.TestInventarEndpoint" name="test_inventar_returns_categorized_data" time="0.166" /><testcase classname="backend.tests.test_finance_dashboard.TestInventarEndpoint" name="test_inventar_404_for_nonexistent_pc" time="0.111" /><testcase classname="backend.tests.test_finance_dashboard.TestTransactionsEndpoint" name="test_transactions_returns_list" time="0.119" /><testcase classname="backend.tests.test_finance_dashboard.TestTransactionsEndpoint" name="test_transactions_filter_by_pc" time="0.118" /><testcase classname="backend.tests.test_finance_dashboard.TestPostTransactions" name="test_post_transaction_adds_day_and_source" time="0.120" /><testcase classname="backend.tests.test_finance_dashboard.TestTagwechselEndpoint" name="test_tagwechsel_creates_transactions_with_day_and_source" time="0.222" /><testcase classname="backend.tests.test_finance_dashboard.TestPropertiesEndpoint" name="test_properties_returns_list" time="0.114" /><testcase classname="backend.tests.test_finance_dashboard.TestFinancesEndpoint" name="test_finances_returns_records" time="0.115" /><testcase classname="backend.tests.test_finance_dashboard.TestPlayerCharactersEndpoint" name="test_player_characters_returns_list" time="0.110" /><testcase classname="backend.tests.test_finance_dashboard.TestSecondPCData" name="test_elara_inventar" time="0.108" /><testcase classname="backend.tests.test_finance_dashboard.TestSecondPCData" name="test_elara_transactions" time="0.111" /><testcase classname="backend.tests.test_finance_dashboard.TestCampaignDay" name="test_campaign_has_current_day" time="0.111" /></testsuite></testsuites>