<?xml version="1.0" encoding="utf-8"?><testsuites name="pytest tests"><testsuite name="pytest" errors="0" failures="0" skipped="0" tests="14" time="3.091" timestamp="2026-04-15T02:55:42.720121+00:00" hostname="agent-env-124aa8ad-c84d-43ef-b644-9acd4e5c3d6a"><testcase classname="backend.tests.test_inventory_crud.TestInventoryAPI" name="test_get_inventory_for_pc" time="0.135" /><testcase classname="backend.tests.test_inventory_crud.TestInventoryAPI" name="test_get_inventory_empty_for_nonexistent_pc" time="0.113" /><testcase classname="backend.tests.test_inventory_crud.TestInventoryAPI" name="test_create_inventory_item" time="0.228" /><testcase classname="backend.tests.test_inventory_crud.TestInventoryAPI" name="test_create_item_with_different_locations" time="0.352" /><testcase classname="backend.tests.test_inventory_crud.TestInventoryAPI" name="test_update_inventory_item" time="0.376" /><testcase classname="backend.tests.test_inventory_crud.TestInventoryAPI" name="test_update_quantity_inline" time="0.268" /><testcase classname="backend.tests.test_inventory_crud.TestInventoryAPI" name="test_update_nonexistent_item_returns_404" time="0.111" /><testcase classname="backend.tests.test_inventory_crud.TestInventoryAPI" name="test_delete_inventory_item" time="0.224" /><testcase classname="backend.tests.test_inventory_crud.TestInventarCategorizedView" name="test_get_inventar_returns_categorized_data" time="0.111" /><testcase classname="backend.tests.test_inventory_crud.TestInventarCategorizedView" name="test_get_inventar_nonexistent_pc_returns_404" time="0.125" /><testcase classname="backend.tests.test_inventory_crud.TestInventarCategorizedView" name="test_inventar_shows_location_grouping" time="0.116" /><testcase classname="backend.tests.test_inventory_crud.TestPCSwitching" name="test_different_pcs_have_different_inventory" time="0.155" /><testcase classname="backend.tests.test_inventory_crud.TestDataPersistence" name="test_item_persists_after_creation" time="0.321" /><testcase classname="backend.tests.test_inventory_crud.TestDataPersistence" name="test_quantity_change_persists" time="0.387" /></testsuite></testsuites>